
Computing for N = 1:
n = 1,	0:00:00 ---> 0, 1, 2, 3, 4, 5, 6, 7, 8, 9

Computing for N = 2:
n = 2,	0:00:00 ... 

Computing for N = 3:
n = 3,	0:00:00 ---> 153, 370, 371, 407

Computing for N = 4:
n = 4,	0:00:00 ---> 1634, 8208, 9474

Computing for N = 5:
n = 5,	0:00:00 ---> 54748, 92727, 93084

Computing for N = 6:
n = 6,	0:00:00 ---> 548834

Computing for N = 7:
n = 7,	0:00:00 ---> 1741725, 4210818, 9800817, 9926315

Computing for N = 8:
n = 8,	0:00:00 ---> 24678050, 24678051, 88593477

Computing for N = 9:
n = 9,	0:00:01 ---> 146511208, 472335975, 534494836, 912985153

Computing for N = 10:
n = 10,	0:00:02 ---> 4679307774
