
Computing for N = 11:
11: 10% done, found 0 solutions
11: 20% done, found 0 solutions
11: 30% done, found 0 solutions
11: 40% done, found 0 solutions
11: 50% done, found 2 solutions
11: 60% done, found 3 solutions
11: 70% done, found 6 solutions
11: 80% done, found 6 solutions
11: 90% done, found 8 solutions
11: 100% done, found 8 solutions
n = 11,	0:00:04 ---> 32164049650, 32164049651, 40028394225, 42678290603, 44708635679, 49388550606, 82693916578, 94204591914

Computing for N = 12:
12: 10% done, found 0 solutions
12: 20% done, found 0 solutions
12: 30% done, found 0 solutions
12: 40% done, found 0 solutions
12: 50% done, found 0 solutions
12: 60% done, found 0 solutions
12: 70% done, found 0 solutions
12: 80% done, found 0 solutions
12: 90% done, found 0 solutions
12: 100% done, found 0 solutions
n = 12,	0:00:08 ... 

Computing for N = 13:
13: 10% done, found 0 solutions
13: 20% done, found 0 solutions
13: 30% done, found 0 solutions
13: 40% done, found 0 solutions
13: 50% done, found 0 solutions
13: 60% done, found 0 solutions
13: 70% done, found 0 solutions
13: 80% done, found 0 solutions
13: 90% done, found 0 solutions
13: 100% done, found 0 solutions
n = 13,	0:00:10 ... 

Computing for N = 14:
14: 10% done, found 0 solutions
14: 20% done, found 0 solutions
14: 30% done, found 0 solutions
14: 40% done, found 0 solutions
14: 50% done, found 0 solutions
14: 60% done, found 1 solutions
14: 70% done, found 1 solutions
14: 80% done, found 1 solutions
14: 90% done, found 1 solutions
14: 100% done, found 1 solutions
n = 14,	0:00:13 ---> 28116440335967

Computing for N = 15:
15: 10% done, found 0 solutions
15: 20% done, found 0 solutions
15: 30% done, found 0 solutions
15: 40% done, found 0 solutions
15: 50% done, found 0 solutions
15: 60% done, found 0 solutions
15: 70% done, found 0 solutions
15: 80% done, found 0 solutions
15: 90% done, found 0 solutions
15: 100% done, found 0 solutions
n = 15,	0:00:22 ... 

Computing for N = 17:
17: 10% done, found 0 solutions
17: 20% done, found 0 solutions
17: 30% done, found 0 solutions
17: 40% done, found 0 solutions
17: 50% done, found 0 solutions
17: 60% done, found 1 solutions
17: 70% done, found 3 solutions
17: 80% done, found 3 solutions
17: 90% done, found 3 solutions
17: 100% done, found 3 solutions
n = 17,	0:00:53 ---> 21897142587612075, 35641594208964132, 35875699062250035

Computing for N = 16:
16: 10% done, found 0 solutions
16: 20% done, found 0 solutions
16: 30% done, found 0 solutions
16: 40% done, found 0 solutions
16: 50% done, found 0 solutions
16: 60% done, found 0 solutions
16: 70% done, found 0 solutions
16: 80% done, found 2 solutions
16: 90% done, found 2 solutions
16: 100% done, found 2 solutions
n = 16,	0:00:55 ---> 4338281769391370, 4338281769391371

Computing for N = 18:
18: 10% done, found 0 solutions
18: 20% done, found 0 solutions
18: 30% done, found 0 solutions
18: 40% done, found 0 solutions
18: 50% done, found 0 solutions
18: 60% done, found 0 solutions
18: 70% done, found 0 solutions
18: 80% done, found 0 solutions
18: 90% done, found 0 solutions
18: 100% done, found 0 solutions
n = 18,	0:01:09 ... 

Computing for N = 19:
19: 10% done, found 0 solutions
19: 20% done, found 0 solutions
19: 30% done, found 0 solutions
19: 40% done, found 0 solutions
19: 50% done, found 1 solutions
19: 60% done, found 1 solutions
19: 70% done, found 2 solutions
19: 80% done, found 3 solutions
19: 90% done, found 4 solutions
19: 100% done, found 4 solutions
n = 19,	0:01:37 ---> 1517841543307505039, 3289582984443187032, 4498128791164624869, 4929273885928088826

Computing for N = 20:
20: 10% done, found 0 solutions
20: 20% done, found 0 solutions
20: 30% done, found 0 solutions
20: 40% done, found 0 solutions
20: 50% done, found 0 solutions
20: 60% done, found 0 solutions
20: 70% done, found 0 solutions
20: 80% done, found 0 solutions
20: 90% done, found 0 solutions
20: 100% done, found 1 solutions
n = 20,	0:02:18 ---> 63105425988599693916
