
Computing for N = 11:
11: 10% done
11: 20% done
11: 30% done
11: 40% done
11: 50% done
11: 60% done
11: 70% done
11: 80% done
11: 90% done
11: 100% done
n = 11,	0:00:02 ---> 32164049650, 32164049651, 40028394225, 42678290603, 44708635679, 49388550606, 82693916578, 94204591914

Computing for N = 12:
12: 10% done
12: 20% done
12: 30% done
12: 40% done
12: 50% done
12: 60% done
12: 70% done
12: 80% done
12: 90% done
12: 100% done
n = 12,	0:00:04 ... 

Computing for N = 13:
13: 10% done
13: 20% done
13: 30% done
13: 40% done
13: 50% done
13: 60% done
13: 70% done
13: 80% done
13: 90% done
13: 100% done
n = 13,	0:00:07 ... 

Computing for N = 14:
14: 10% done
14: 20% done
14: 30% done
14: 40% done
14: 50% done
14: 60% done
14: 70% done
14: 80% done
14: 90% done
14: 100% done
n = 14,	0:00:11 ---> 28116440335967

Computing for N = 15:
15: 10% done
15: 20% done
15: 30% done
15: 40% done
15: 50% done
15: 60% done
15: 70% done
15: 80% done
15: 90% done
15: 100% done
n = 15,	0:00:17 ... 

Computing for N = 16:
16: 10% done
16: 20% done
16: 30% done
16: 40% done
16: 50% done
16: 60% done
16: 70% done
16: 80% done
16: 90% done
16: 100% done
n = 16,	0:00:27 ---> 4338281769391370, 4338281769391371

Computing for N = 17:
17: 10% done
17: 20% done
17: 30% done
17: 40% done
17: 50% done
17: 60% done
17: 70% done
17: 80% done
17: 90% done
17: 100% done
n = 17,	0:00:40 ---> 21897142587612075, 35641594208964132, 35875699062250035

Computing for N = 18:
18: 10% done
18: 20% done
18: 30% done
18: 40% done
18: 50% done
18: 60% done
18: 70% done
18: 80% done
18: 90% done
18: 100% done
n = 18,	0:00:58 ... 

Computing for N = 19:
19: 10% done
19: 20% done
19: 30% done
19: 40% done
19: 50% done
19: 60% done
19: 70% done
19: 80% done
19: 90% done
19: 100% done
n = 19,	0:01:25 ---> 1517841543307505039, 3289582984443187032, 4498128791164624869, 4929273885928088826

Computing for N = 20:
20: 10% done
20: 20% done
20: 30% done
20: 40% done
20: 50% done
20: 60% done
20: 70% done
20: 80% done
20: 90% done
20: 100% done
n = 20,	0:02:02 ---> 63105425988599693916
