
Computing for N = 21:
21: 10% done, found 0 solutions
21: 20% done, found 0 solutions
21: 30% done, found 0 solutions
21: 40% done, found 0 solutions
21: 50% done, found 0 solutions
21: 60% done, found 0 solutions
21: 70% done, found 0 solutions
21: 80% done, found 0 solutions
21: 90% done, found 0 solutions
21: 100% done, found 0 solutions
21: 110% done, found 0 solutions
21: 120% done, found 0 solutions
21: 130% done, found 0 solutions
21: 140% done, found 0 solutions
21: 150% done, found 0 solutions
21: 160% done, found 0 solutions
21: 170% done, found 0 solutions
21: 180% done, found 0 solutions
21: 190% done, found 0 solutions
21: 200% done, found 0 solutions
21: 210% done, found 0 solutions
21: 220% done, found 0 solutions
21: 230% done, found 0 solutions
21: 240% done, found 0 solutions
21: 250% done, found 0 solutions
21: 260% done, found 0 solutions
21: 270% done, found 0 solutions
21: 280% done, found 0 solutions
21: 290% done, found 0 solutions
21: 300% done, found 0 solutions
21: 310% done, found 0 solutions
21: 320% done, found 0 solutions
21: 330% done, found 0 solutions
21: 340% done, found 0 solutions
21: 350% done, found 0 solutions
21: 360% done, found 0 solutions
21: 370% done, found 0 solutions
21: 380% done, found 0 solutions
21: 390% done, found 0 solutions
21: 400% done, found 0 solutions
21: 410% done, found 0 solutions
21: 420% done, found 0 solutions
21: 430% done, found 1 solutions
21: 440% done, found 1 solutions
21: 450% done, found 1 solutions
21: 460% done, found 1 solutions
21: 470% done, found 1 solutions
21: 480% done, found 1 solutions
21: 490% done, found 1 solutions
21: 500% done, found 1 solutions
21: 510% done, found 1 solutions
21: 520% done, found 1 solutions
21: 530% done, found 1 solutions
21: 540% done, found 1 solutions
21: 550% done, found 1 solutions
21: 560% done, found 1 solutions
21: 570% done, found 1 solutions
21: 580% done, found 1 solutions
21: 590% done, found 1 solutions
21: 600% done, found 1 solutions
21: 610% done, found 1 solutions
21: 620% done, found 1 solutions
21: 630% done, found 1 solutions
21: 640% done, found 1 solutions
21: 650% done, found 1 solutions
21: 660% done, found 1 solutions
21: 670% done, found 1 solutions
21: 680% done, found 1 solutions
21: 690% done, found 1 solutions
21: 700% done, found 1 solutions
21: 710% done, found 1 solutions
21: 720% done, found 1 solutions
21: 730% done, found 1 solutions
21: 740% done, found 1 solutions
21: 750% done, found 1 solutions
21: 760% done, found 1 solutions
21: 770% done, found 1 solutions
21: 780% done, found 1 solutions
21: 790% done, found 1 solutions
21: 800% done, found 1 solutions
21: 810% done, found 1 solutions
21: 820% done, found 1 solutions
21: 830% done, found 2 solutions
21: 840% done, found 2 solutions
21: 850% done, found 2 solutions
21: 860% done, found 2 solutions
21: 870% done, found 2 solutions
21: 880% done, found 2 solutions
21: 890% done, found 2 solutions
21: 900% done, found 2 solutions
21: 910% done, found 2 solutions
21: 920% done, found 2 solutions
21: 930% done, found 2 solutions
21: 940% done, found 2 solutions
21: 950% done, found 2 solutions
21: 960% done, found 2 solutions
21: 970% done, found 2 solutions
21: 980% done, found 2 solutions
21: 990% done, found 2 solutions
21: 1000% done, found 2 solutions
n = 21,	0:03:18 ---> 128468643043731391252, 449177399146038697307

Computing for N = 22:
22: 10% done, found 0 solutions
22: 20% done, found 0 solutions
22: 30% done, found 0 solutions
22: 40% done, found 0 solutions
22: 50% done, found 0 solutions
22: 60% done, found 0 solutions
22: 70% done, found 0 solutions
22: 80% done, found 0 solutions
22: 90% done, found 0 solutions
22: 100% done, found 0 solutions
22: 110% done, found 0 solutions
22: 120% done, found 0 solutions
22: 130% done, found 0 solutions
22: 140% done, found 0 solutions
22: 150% done, found 0 solutions
22: 160% done, found 0 solutions
22: 170% done, found 0 solutions
22: 180% done, found 0 solutions
22: 190% done, found 0 solutions
22: 200% done, found 0 solutions
22: 210% done, found 0 solutions
22: 220% done, found 0 solutions
22: 230% done, found 0 solutions
22: 240% done, found 0 solutions
22: 250% done, found 0 solutions
22: 260% done, found 0 solutions
22: 270% done, found 0 solutions
22: 280% done, found 0 solutions
22: 290% done, found 0 solutions
22: 300% done, found 0 solutions
22: 310% done, found 0 solutions
22: 320% done, found 0 solutions
22: 330% done, found 0 solutions
22: 340% done, found 0 solutions
22: 350% done, found 0 solutions
22: 360% done, found 0 solutions
22: 370% done, found 0 solutions
22: 380% done, found 0 solutions
22: 390% done, found 0 solutions
22: 400% done, found 0 solutions
22: 410% done, found 0 solutions
22: 420% done, found 0 solutions
22: 430% done, found 0 solutions
22: 440% done, found 0 solutions
22: 450% done, found 0 solutions
22: 460% done, found 0 solutions
22: 470% done, found 0 solutions
22: 480% done, found 0 solutions
22: 490% done, found 0 solutions
22: 500% done, found 0 solutions
22: 510% done, found 0 solutions
22: 520% done, found 0 solutions
22: 530% done, found 0 solutions
22: 540% done, found 0 solutions
22: 550% done, found 0 solutions
22: 560% done, found 0 solutions
22: 570% done, found 0 solutions
22: 580% done, found 0 solutions
22: 590% done, found 0 solutions
22: 600% done, found 0 solutions
22: 610% done, found 0 solutions
22: 620% done, found 0 solutions
22: 630% done, found 0 solutions
22: 640% done, found 0 solutions
22: 650% done, found 0 solutions
22: 660% done, found 0 solutions
22: 670% done, found 0 solutions
22: 680% done, found 0 solutions
22: 690% done, found 0 solutions
22: 700% done, found 0 solutions
22: 710% done, found 0 solutions
22: 720% done, found 0 solutions
22: 730% done, found 0 solutions
22: 740% done, found 0 solutions
22: 750% done, found 0 solutions
22: 760% done, found 0 solutions
22: 770% done, found 0 solutions
22: 780% done, found 0 solutions
22: 790% done, found 0 solutions
22: 800% done, found 0 solutions
22: 810% done, found 0 solutions
22: 820% done, found 0 solutions
22: 830% done, found 0 solutions
22: 840% done, found 0 solutions
22: 850% done, found 0 solutions
22: 860% done, found 0 solutions
22: 870% done, found 0 solutions
22: 880% done, found 0 solutions
22: 890% done, found 0 solutions
22: 900% done, found 0 solutions
22: 910% done, found 0 solutions
22: 920% done, found 0 solutions
22: 930% done, found 0 solutions
22: 940% done, found 0 solutions
22: 950% done, found 0 solutions
22: 960% done, found 0 solutions
22: 970% done, found 0 solutions
22: 980% done, found 0 solutions
22: 990% done, found 0 solutions
22: 1000% done, found 0 solutions
n = 22,	0:04:46 ... 

Computing for N = 23:
23: 10% done, found 0 solutions
23: 20% done, found 0 solutions
23: 30% done, found 0 solutions
23: 40% done, found 0 solutions
23: 50% done, found 0 solutions
23: 60% done, found 0 solutions
23: 70% done, found 0 solutions
23: 80% done, found 0 solutions
23: 90% done, found 0 solutions
23: 100% done, found 0 solutions
23: 110% done, found 0 solutions
23: 120% done, found 0 solutions
23: 130% done, found 0 solutions
23: 140% done, found 0 solutions
23: 150% done, found 0 solutions
23: 160% done, found 0 solutions
23: 170% done, found 0 solutions
23: 180% done, found 0 solutions
23: 190% done, found 0 solutions
23: 200% done, found 0 solutions
23: 210% done, found 0 solutions
23: 220% done, found 0 solutions
23: 230% done, found 0 solutions
23: 240% done, found 0 solutions
23: 250% done, found 0 solutions
23: 260% done, found 0 solutions
23: 270% done, found 0 solutions
23: 280% done, found 0 solutions
23: 290% done, found 0 solutions
23: 300% done, found 0 solutions
23: 310% done, found 0 solutions
23: 320% done, found 0 solutions
23: 330% done, found 0 solutions
23: 340% done, found 0 solutions
23: 350% done, found 0 solutions
23: 360% done, found 0 solutions
23: 370% done, found 0 solutions
23: 380% done, found 0 solutions
23: 390% done, found 0 solutions
23: 400% done, found 0 solutions
23: 410% done, found 0 solutions
23: 420% done, found 0 solutions
23: 430% done, found 0 solutions
23: 440% done, found 0 solutions
23: 450% done, found 0 solutions
23: 460% done, found 0 solutions
23: 470% done, found 0 solutions
23: 480% done, found 0 solutions
23: 490% done, found 0 solutions
23: 500% done, found 0 solutions
23: 510% done, found 0 solutions
23: 520% done, found 0 solutions
23: 530% done, found 0 solutions
23: 540% done, found 0 solutions
23: 550% done, found 0 solutions
23: 560% done, found 0 solutions
23: 570% done, found 0 solutions
23: 580% done, found 0 solutions
23: 590% done, found 0 solutions
23: 600% done, found 0 solutions
23: 610% done, found 0 solutions
23: 620% done, found 0 solutions
23: 630% done, found 0 solutions
23: 640% done, found 1 solutions
23: 650% done, found 1 solutions
23: 660% done, found 1 solutions
23: 670% done, found 1 solutions
23: 680% done, found 1 solutions
23: 690% done, found 1 solutions
23: 700% done, found 1 solutions
23: 710% done, found 1 solutions
23: 720% done, found 4 solutions
23: 730% done, found 4 solutions
23: 740% done, found 4 solutions
23: 750% done, found 4 solutions
23: 760% done, found 5 solutions
23: 770% done, found 5 solutions
23: 780% done, found 5 solutions
23: 790% done, found 5 solutions
23: 800% done, found 5 solutions
23: 810% done, found 5 solutions
23: 820% done, found 5 solutions
23: 830% done, found 5 solutions
23: 840% done, found 5 solutions
23: 850% done, found 5 solutions
23: 860% done, found 5 solutions
23: 870% done, found 5 solutions
23: 880% done, found 5 solutions
23: 890% done, found 5 solutions
23: 900% done, found 5 solutions
23: 910% done, found 5 solutions
23: 920% done, found 5 solutions
23: 930% done, found 5 solutions
23: 940% done, found 5 solutions
23: 950% done, found 5 solutions
23: 960% done, found 5 solutions
23: 970% done, found 5 solutions
23: 980% done, found 5 solutions
23: 990% done, found 5 solutions
23: 1000% done, found 5 solutions
n = 23,	0:06:30 ---> 21887696841122916288858, 27879694893054074471405, 27907865009977052567814, 28361281321319229463398, 35452590104031691935943

Computing for N = 24:
24: 10% done, found 0 solutions
24: 20% done, found 0 solutions
24: 30% done, found 0 solutions
24: 40% done, found 0 solutions
24: 50% done, found 0 solutions
24: 60% done, found 0 solutions
24: 70% done, found 0 solutions
24: 80% done, found 0 solutions
24: 90% done, found 0 solutions
24: 100% done, found 0 solutions
24: 110% done, found 0 solutions
24: 120% done, found 0 solutions
24: 130% done, found 0 solutions
24: 140% done, found 0 solutions
24: 150% done, found 0 solutions
24: 160% done, found 0 solutions
24: 170% done, found 0 solutions
24: 180% done, found 0 solutions
24: 190% done, found 0 solutions
24: 200% done, found 0 solutions
24: 210% done, found 0 solutions
24: 220% done, found 0 solutions
24: 230% done, found 0 solutions
24: 240% done, found 0 solutions
24: 250% done, found 0 solutions
24: 260% done, found 0 solutions
24: 270% done, found 0 solutions
24: 280% done, found 0 solutions
24: 290% done, found 0 solutions
24: 300% done, found 0 solutions
24: 310% done, found 0 solutions
24: 320% done, found 0 solutions
24: 330% done, found 0 solutions
24: 340% done, found 0 solutions
24: 350% done, found 0 solutions
24: 360% done, found 0 solutions
24: 370% done, found 0 solutions
24: 380% done, found 0 solutions
24: 390% done, found 0 solutions
24: 400% done, found 0 solutions
24: 410% done, found 0 solutions
24: 420% done, found 0 solutions
24: 430% done, found 0 solutions
24: 440% done, found 0 solutions
24: 450% done, found 0 solutions
24: 460% done, found 0 solutions
24: 470% done, found 0 solutions
24: 480% done, found 0 solutions
24: 490% done, found 0 solutions
24: 500% done, found 0 solutions
24: 510% done, found 0 solutions
24: 520% done, found 0 solutions
24: 530% done, found 0 solutions
24: 540% done, found 0 solutions
24: 550% done, found 0 solutions
24: 560% done, found 0 solutions
24: 570% done, found 0 solutions
24: 580% done, found 0 solutions
24: 590% done, found 1 solutions
24: 600% done, found 1 solutions
24: 610% done, found 1 solutions
24: 620% done, found 2 solutions
24: 630% done, found 2 solutions
24: 640% done, found 3 solutions
24: 650% done, found 3 solutions
24: 660% done, found 3 solutions
24: 670% done, found 3 solutions
24: 680% done, found 3 solutions
24: 690% done, found 3 solutions
24: 700% done, found 3 solutions
24: 710% done, found 3 solutions
24: 720% done, found 3 solutions
24: 730% done, found 3 solutions
24: 740% done, found 3 solutions
24: 750% done, found 3 solutions
24: 760% done, found 3 solutions
24: 770% done, found 3 solutions
24: 780% done, found 3 solutions
24: 790% done, found 3 solutions
24: 800% done, found 3 solutions
24: 810% done, found 3 solutions
24: 820% done, found 3 solutions
24: 830% done, found 3 solutions
24: 840% done, found 3 solutions
24: 850% done, found 3 solutions
24: 860% done, found 3 solutions
24: 870% done, found 3 solutions
24: 880% done, found 3 solutions
24: 890% done, found 3 solutions
24: 900% done, found 3 solutions
24: 910% done, found 3 solutions
24: 920% done, found 3 solutions
24: 930% done, found 3 solutions
24: 940% done, found 3 solutions
24: 950% done, found 3 solutions
24: 960% done, found 3 solutions
24: 970% done, found 3 solutions
24: 980% done, found 3 solutions
24: 990% done, found 3 solutions
24: 1000% done, found 3 solutions
n = 24,	0:09:09 ---> 174088005938065293023722, 188451485447897896036875, 239313664430041569350093

Computing for N = 25:
25: 10% done, found 0 solutions
25: 20% done, found 0 solutions
25: 30% done, found 0 solutions
25: 40% done, found 0 solutions
25: 50% done, found 0 solutions
25: 60% done, found 0 solutions
25: 70% done, found 0 solutions
25: 80% done, found 0 solutions
25: 90% done, found 0 solutions
25: 100% done, found 0 solutions
25: 110% done, found 0 solutions
25: 120% done, found 0 solutions
25: 130% done, found 0 solutions
25: 140% done, found 0 solutions
25: 150% done, found 0 solutions
25: 160% done, found 0 solutions
25: 170% done, found 0 solutions
25: 180% done, found 0 solutions
25: 190% done, found 0 solutions
25: 200% done, found 0 solutions
25: 210% done, found 0 solutions
25: 220% done, found 0 solutions
25: 230% done, found 0 solutions
25: 240% done, found 0 solutions
25: 250% done, found 0 solutions
25: 260% done, found 0 solutions
25: 270% done, found 0 solutions
25: 280% done, found 0 solutions
25: 290% done, found 0 solutions
25: 300% done, found 0 solutions
25: 310% done, found 0 solutions
25: 320% done, found 0 solutions
25: 330% done, found 0 solutions
25: 340% done, found 0 solutions
25: 350% done, found 0 solutions
25: 360% done, found 0 solutions
25: 370% done, found 0 solutions
25: 380% done, found 0 solutions
25: 390% done, found 0 solutions
25: 400% done, found 0 solutions
25: 410% done, found 0 solutions
25: 420% done, found 0 solutions
25: 430% done, found 0 solutions
25: 440% done, found 0 solutions
25: 450% done, found 0 solutions
25: 460% done, found 0 solutions
25: 470% done, found 0 solutions
25: 480% done, found 0 solutions
25: 490% done, found 0 solutions
25: 500% done, found 0 solutions
25: 510% done, found 0 solutions
25: 520% done, found 0 solutions
25: 530% done, found 0 solutions
25: 540% done, found 0 solutions
25: 550% done, found 0 solutions
25: 560% done, found 0 solutions
25: 570% done, found 2 solutions
25: 580% done, found 2 solutions
25: 590% done, found 2 solutions
25: 600% done, found 2 solutions
25: 610% done, found 2 solutions
25: 620% done, found 2 solutions
25: 630% done, found 2 solutions
25: 640% done, found 2 solutions
25: 650% done, found 2 solutions
25: 660% done, found 2 solutions
25: 670% done, found 2 solutions
25: 680% done, found 2 solutions
25: 690% done, found 2 solutions
25: 700% done, found 2 solutions
25: 710% done, found 2 solutions
25: 720% done, found 2 solutions
25: 730% done, found 2 solutions
25: 740% done, found 2 solutions
25: 750% done, found 2 solutions
25: 760% done, found 2 solutions
25: 770% done, found 2 solutions
25: 780% done, found 2 solutions
25: 790% done, found 2 solutions
25: 800% done, found 2 solutions
25: 810% done, found 2 solutions
25: 820% done, found 2 solutions
25: 830% done, found 2 solutions
25: 840% done, found 2 solutions
25: 850% done, found 2 solutions
25: 860% done, found 4 solutions
25: 870% done, found 4 solutions
25: 880% done, found 4 solutions
25: 890% done, found 4 solutions
25: 900% done, found 5 solutions
25: 910% done, found 5 solutions
25: 920% done, found 5 solutions
25: 930% done, found 5 solutions
25: 940% done, found 5 solutions
25: 950% done, found 5 solutions
25: 960% done, found 5 solutions
25: 970% done, found 5 solutions
25: 980% done, found 5 solutions
25: 990% done, found 5 solutions
25: 1000% done, found 5 solutions
n = 25,	0:12:27 ---> 1550475334214501539088894, 1553242162893771850669378, 3706907995955475988644380, 3706907995955475988644381, 4422095118095899619457938

Computing for N = 26:
26: 10% done, found 0 solutions
26: 20% done, found 0 solutions
26: 30% done, found 0 solutions
26: 40% done, found 0 solutions
26: 50% done, found 0 solutions
26: 60% done, found 0 solutions
26: 70% done, found 0 solutions
26: 80% done, found 0 solutions
26: 90% done, found 0 solutions
26: 100% done, found 0 solutions
26: 110% done, found 0 solutions
26: 120% done, found 0 solutions
26: 130% done, found 0 solutions
26: 140% done, found 0 solutions
26: 150% done, found 0 solutions
26: 160% done, found 0 solutions
26: 170% done, found 0 solutions
26: 180% done, found 0 solutions
26: 190% done, found 0 solutions
26: 200% done, found 0 solutions
26: 210% done, found 0 solutions
26: 220% done, found 0 solutions
26: 230% done, found 0 solutions
26: 240% done, found 0 solutions
26: 250% done, found 0 solutions
26: 260% done, found 0 solutions
26: 270% done, found 0 solutions
26: 280% done, found 0 solutions
26: 290% done, found 0 solutions
26: 300% done, found 0 solutions
26: 310% done, found 0 solutions
26: 320% done, found 0 solutions
26: 330% done, found 0 solutions
26: 340% done, found 0 solutions
26: 350% done, found 0 solutions
26: 360% done, found 0 solutions
26: 370% done, found 0 solutions
26: 380% done, found 0 solutions
26: 390% done, found 0 solutions
26: 400% done, found 0 solutions
26: 410% done, found 0 solutions
26: 420% done, found 0 solutions
26: 430% done, found 0 solutions
26: 440% done, found 0 solutions
26: 450% done, found 0 solutions
26: 460% done, found 0 solutions
26: 470% done, found 0 solutions
26: 480% done, found 0 solutions
26: 490% done, found 0 solutions
26: 500% done, found 0 solutions
26: 510% done, found 0 solutions
26: 520% done, found 0 solutions
26: 530% done, found 0 solutions
26: 540% done, found 0 solutions
26: 550% done, found 0 solutions
26: 560% done, found 0 solutions
26: 570% done, found 0 solutions
26: 580% done, found 0 solutions
26: 590% done, found 0 solutions
26: 600% done, found 0 solutions
26: 610% done, found 0 solutions
26: 620% done, found 0 solutions
26: 630% done, found 0 solutions
26: 640% done, found 0 solutions
26: 650% done, found 0 solutions
26: 660% done, found 0 solutions
26: 670% done, found 0 solutions
26: 680% done, found 0 solutions
26: 690% done, found 0 solutions
26: 700% done, found 0 solutions
26: 710% done, found 0 solutions
26: 720% done, found 0 solutions
26: 730% done, found 0 solutions
26: 740% done, found 0 solutions
26: 750% done, found 0 solutions
26: 760% done, found 0 solutions
26: 770% done, found 0 solutions
26: 780% done, found 0 solutions
26: 790% done, found 0 solutions
26: 800% done, found 0 solutions
26: 810% done, found 0 solutions
26: 820% done, found 0 solutions
26: 830% done, found 0 solutions
26: 840% done, found 0 solutions
26: 850% done, found 0 solutions
26: 860% done, found 0 solutions
26: 870% done, found 0 solutions
26: 880% done, found 0 solutions
26: 890% done, found 0 solutions
26: 900% done, found 0 solutions
26: 910% done, found 0 solutions
26: 920% done, found 0 solutions
26: 930% done, found 0 solutions
26: 940% done, found 0 solutions
26: 950% done, found 0 solutions
26: 960% done, found 0 solutions
26: 970% done, found 0 solutions
26: 980% done, found 0 solutions
26: 990% done, found 0 solutions
26: 1000% done, found 0 solutions
n = 26,	0:18:13 ... 

Computing for N = 27:
27: 10% done, found 0 solutions
27: 20% done, found 0 solutions
27: 30% done, found 0 solutions
27: 40% done, found 0 solutions
27: 50% done, found 0 solutions
27: 60% done, found 0 solutions
27: 70% done, found 0 solutions
27: 80% done, found 0 solutions
27: 90% done, found 0 solutions
27: 100% done, found 0 solutions
27: 110% done, found 0 solutions
27: 120% done, found 0 solutions
27: 130% done, found 0 solutions
27: 140% done, found 0 solutions
27: 150% done, found 0 solutions
27: 160% done, found 0 solutions
27: 170% done, found 0 solutions
27: 180% done, found 0 solutions
27: 190% done, found 0 solutions
27: 200% done, found 0 solutions
27: 210% done, found 0 solutions
27: 220% done, found 0 solutions
27: 230% done, found 0 solutions
27: 240% done, found 0 solutions
27: 250% done, found 0 solutions
27: 260% done, found 0 solutions
27: 270% done, found 0 solutions
27: 280% done, found 0 solutions
27: 290% done, found 0 solutions
27: 300% done, found 0 solutions
27: 310% done, found 0 solutions
27: 320% done, found 0 solutions
27: 330% done, found 0 solutions
27: 340% done, found 0 solutions
27: 350% done, found 0 solutions
27: 360% done, found 0 solutions
27: 370% done, found 0 solutions
27: 380% done, found 0 solutions
27: 390% done, found 0 solutions
27: 400% done, found 0 solutions
27: 410% done, found 0 solutions
27: 420% done, found 0 solutions
27: 430% done, found 0 solutions
27: 440% done, found 0 solutions
27: 450% done, found 0 solutions
27: 460% done, found 0 solutions
27: 470% done, found 0 solutions
27: 480% done, found 0 solutions
27: 490% done, found 0 solutions
27: 500% done, found 0 solutions
27: 510% done, found 0 solutions
27: 520% done, found 2 solutions
27: 530% done, found 2 solutions
27: 540% done, found 2 solutions
27: 550% done, found 2 solutions
27: 560% done, found 2 solutions
27: 570% done, found 3 solutions
27: 580% done, found 3 solutions
27: 590% done, found 3 solutions
27: 600% done, found 3 solutions
27: 610% done, found 4 solutions
27: 620% done, found 4 solutions
27: 630% done, found 4 solutions
27: 640% done, found 5 solutions
27: 650% done, found 5 solutions
27: 660% done, found 5 solutions
27: 670% done, found 5 solutions
27: 680% done, found 5 solutions
27: 690% done, found 5 solutions
27: 700% done, found 5 solutions
27: 710% done, found 5 solutions
27: 720% done, found 5 solutions
27: 730% done, found 5 solutions
27: 740% done, found 5 solutions
27: 750% done, found 5 solutions
27: 760% done, found 5 solutions
27: 770% done, found 5 solutions
27: 780% done, found 5 solutions
27: 790% done, found 5 solutions
27: 800% done, found 5 solutions
27: 810% done, found 5 solutions
27: 820% done, found 5 solutions
27: 830% done, found 5 solutions
27: 840% done, found 5 solutions
27: 850% done, found 5 solutions
27: 860% done, found 5 solutions
27: 870% done, found 5 solutions
27: 880% done, found 5 solutions
27: 890% done, found 5 solutions
27: 900% done, found 5 solutions
27: 910% done, found 5 solutions
27: 920% done, found 5 solutions
27: 930% done, found 5 solutions
27: 940% done, found 5 solutions
27: 950% done, found 5 solutions
27: 960% done, found 5 solutions
27: 970% done, found 5 solutions
27: 980% done, found 5 solutions
27: 990% done, found 5 solutions
27: 1000% done, found 5 solutions
n = 27,	0:24:19 ---> 121204998563613372405438066, 121270696006801314328439376, 128851796696487777842012787, 174650464499531377631639254, 177265453171792792366489765

Computing for N = 28:
28: 10% done, found 0 solutions
28: 20% done, found 0 solutions
28: 30% done, found 0 solutions
28: 40% done, found 0 solutions
28: 50% done, found 0 solutions
28: 60% done, found 0 solutions
28: 70% done, found 0 solutions
28: 80% done, found 0 solutions
28: 90% done, found 0 solutions
28: 100% done, found 0 solutions
28: 110% done, found 0 solutions
28: 120% done, found 0 solutions
28: 130% done, found 0 solutions
28: 140% done, found 0 solutions
28: 150% done, found 0 solutions
28: 160% done, found 0 solutions
28: 170% done, found 0 solutions
28: 180% done, found 0 solutions
28: 190% done, found 0 solutions
28: 200% done, found 0 solutions
28: 210% done, found 0 solutions
28: 220% done, found 0 solutions
28: 230% done, found 0 solutions
28: 240% done, found 0 solutions
28: 250% done, found 0 solutions
28: 260% done, found 0 solutions
28: 270% done, found 0 solutions
28: 280% done, found 0 solutions
28: 290% done, found 0 solutions
28: 300% done, found 0 solutions
28: 310% done, found 0 solutions
28: 320% done, found 0 solutions
28: 330% done, found 0 solutions
28: 340% done, found 0 solutions
28: 350% done, found 0 solutions
28: 360% done, found 0 solutions
28: 370% done, found 0 solutions
28: 380% done, found 0 solutions
28: 390% done, found 0 solutions
28: 400% done, found 0 solutions
28: 410% done, found 0 solutions
28: 420% done, found 0 solutions
28: 430% done, found 0 solutions
28: 440% done, found 0 solutions
28: 450% done, found 0 solutions
28: 460% done, found 0 solutions
28: 470% done, found 0 solutions
28: 480% done, found 0 solutions
28: 490% done, found 0 solutions
28: 500% done, found 0 solutions
28: 510% done, found 0 solutions
28: 520% done, found 0 solutions
28: 530% done, found 0 solutions
28: 540% done, found 0 solutions
28: 550% done, found 0 solutions
28: 560% done, found 0 solutions
28: 570% done, found 0 solutions
28: 580% done, found 0 solutions
28: 590% done, found 0 solutions
28: 600% done, found 0 solutions
28: 610% done, found 0 solutions
28: 620% done, found 0 solutions
28: 630% done, found 0 solutions
28: 640% done, found 0 solutions
28: 650% done, found 0 solutions
28: 660% done, found 0 solutions
28: 670% done, found 0 solutions
28: 680% done, found 0 solutions
28: 690% done, found 0 solutions
28: 700% done, found 0 solutions
28: 710% done, found 0 solutions
28: 720% done, found 0 solutions
28: 730% done, found 0 solutions
28: 740% done, found 0 solutions
28: 750% done, found 0 solutions
28: 760% done, found 0 solutions
28: 770% done, found 0 solutions
28: 780% done, found 0 solutions
28: 790% done, found 0 solutions
28: 800% done, found 0 solutions
28: 810% done, found 0 solutions
28: 820% done, found 0 solutions
28: 830% done, found 0 solutions
28: 840% done, found 0 solutions
28: 850% done, found 0 solutions
28: 860% done, found 0 solutions
28: 870% done, found 0 solutions
28: 880% done, found 0 solutions
28: 890% done, found 0 solutions
28: 900% done, found 0 solutions
28: 910% done, found 0 solutions
28: 920% done, found 0 solutions
28: 930% done, found 0 solutions
28: 940% done, found 0 solutions
28: 950% done, found 0 solutions
28: 960% done, found 0 solutions
28: 970% done, found 0 solutions
28: 980% done, found 0 solutions
28: 990% done, found 0 solutions
28: 1000% done, found 0 solutions
n = 28,	0:29:19 ... 

Computing for N = 29:
29: 10% done, found 0 solutions
29: 20% done, found 0 solutions
29: 30% done, found 0 solutions
29: 40% done, found 0 solutions
29: 50% done, found 0 solutions
29: 60% done, found 0 solutions
29: 70% done, found 0 solutions
29: 80% done, found 0 solutions
29: 90% done, found 0 solutions
29: 100% done, found 0 solutions
29: 110% done, found 0 solutions
29: 120% done, found 0 solutions
29: 130% done, found 0 solutions
29: 140% done, found 0 solutions
29: 150% done, found 0 solutions
29: 160% done, found 0 solutions
29: 170% done, found 0 solutions
29: 180% done, found 0 solutions
29: 190% done, found 0 solutions
29: 200% done, found 0 solutions
29: 210% done, found 0 solutions
29: 220% done, found 0 solutions
29: 230% done, found 0 solutions
29: 240% done, found 0 solutions
29: 250% done, found 0 solutions
29: 260% done, found 0 solutions
29: 270% done, found 0 solutions
29: 280% done, found 0 solutions
29: 290% done, found 0 solutions
29: 300% done, found 0 solutions
29: 310% done, found 0 solutions
29: 320% done, found 0 solutions
29: 330% done, found 0 solutions
29: 340% done, found 0 solutions
29: 350% done, found 0 solutions
29: 360% done, found 0 solutions
29: 370% done, found 0 solutions
29: 380% done, found 0 solutions
29: 390% done, found 0 solutions
29: 400% done, found 0 solutions
29: 410% done, found 0 solutions
29: 420% done, found 0 solutions
29: 430% done, found 0 solutions
29: 440% done, found 0 solutions
29: 450% done, found 0 solutions
29: 460% done, found 0 solutions
29: 470% done, found 0 solutions
29: 480% done, found 0 solutions
29: 490% done, found 0 solutions
29: 500% done, found 0 solutions
29: 510% done, found 0 solutions
29: 520% done, found 0 solutions
29: 530% done, found 0 solutions
29: 540% done, found 0 solutions
29: 550% done, found 0 solutions
29: 560% done, found 0 solutions
29: 570% done, found 0 solutions
29: 580% done, found 0 solutions
29: 590% done, found 0 solutions
29: 600% done, found 0 solutions
29: 610% done, found 0 solutions
29: 620% done, found 0 solutions
29: 630% done, found 0 solutions
29: 640% done, found 1 solutions
29: 650% done, found 1 solutions
29: 660% done, found 1 solutions
29: 670% done, found 1 solutions
29: 680% done, found 1 solutions
29: 690% done, found 1 solutions
29: 700% done, found 1 solutions
29: 710% done, found 1 solutions
29: 720% done, found 3 solutions
29: 730% done, found 3 solutions
29: 740% done, found 3 solutions
29: 750% done, found 3 solutions
29: 760% done, found 3 solutions
29: 770% done, found 3 solutions
29: 780% done, found 3 solutions
29: 790% done, found 3 solutions
29: 800% done, found 4 solutions
29: 810% done, found 4 solutions
29: 820% done, found 4 solutions
29: 830% done, found 4 solutions
29: 840% done, found 4 solutions
29: 850% done, found 4 solutions
29: 860% done, found 4 solutions
29: 870% done, found 4 solutions
29: 880% done, found 4 solutions
29: 890% done, found 4 solutions
29: 900% done, found 4 solutions
29: 910% done, found 4 solutions
29: 920% done, found 4 solutions
29: 930% done, found 4 solutions
29: 940% done, found 4 solutions
29: 950% done, found 4 solutions
29: 960% done, found 4 solutions
29: 970% done, found 4 solutions
29: 980% done, found 4 solutions
29: 990% done, found 4 solutions
29: 1000% done, found 4 solutions
n = 29,	0:40:49 ---> 14607640612971980372614873089, 19008174136254279995012734740, 19008174136254279995012734741, 23866716435523975980390369295

Computing for N = 30:
30: 1% done, found 0 solutions
30: 2% done, found 0 solutions
30: 3% done, found 0 solutions
30: 4% done, found 0 solutions
30: 5% done, found 0 solutions
30: 6% done, found 0 solutions
30: 7% done, found 0 solutions
30: 8% done, found 0 solutions
30: 9% done, found 0 solutions
30: 10% done, found 0 solutions
30: 11% done, found 0 solutions
30: 12% done, found 0 solutions
30: 13% done, found 0 solutions
30: 14% done, found 0 solutions
30: 15% done, found 0 solutions
30: 16% done, found 0 solutions
30: 17% done, found 0 solutions
30: 18% done, found 0 solutions
30: 19% done, found 0 solutions
30: 20% done, found 0 solutions
30: 21% done, found 0 solutions
30: 22% done, found 0 solutions
30: 23% done, found 0 solutions
30: 24% done, found 0 solutions
30: 25% done, found 0 solutions
30: 26% done, found 0 solutions
30: 27% done, found 0 solutions
30: 28% done, found 0 solutions
30: 29% done, found 0 solutions
30: 30% done, found 0 solutions
30: 31% done, found 0 solutions
30: 32% done, found 0 solutions
30: 33% done, found 0 solutions
30: 34% done, found 0 solutions
30: 35% done, found 0 solutions
30: 36% done, found 0 solutions
30: 37% done, found 0 solutions
30: 38% done, found 0 solutions
30: 39% done, found 0 solutions
30: 40% done, found 0 solutions
30: 41% done, found 0 solutions
30: 42% done, found 0 solutions
30: 43% done, found 0 solutions
30: 44% done, found 0 solutions
30: 45% done, found 0 solutions
30: 46% done, found 0 solutions
30: 47% done, found 0 solutions
30: 48% done, found 0 solutions
30: 49% done, found 0 solutions
30: 50% done, found 0 solutions
30: 51% done, found 0 solutions
30: 52% done, found 0 solutions
30: 53% done, found 0 solutions
30: 54% done, found 0 solutions
30: 55% done, found 0 solutions
30: 56% done, found 0 solutions
30: 57% done, found 0 solutions
30: 58% done, found 0 solutions
30: 59% done, found 0 solutions
30: 60% done, found 0 solutions
30: 61% done, found 0 solutions
30: 62% done, found 0 solutions
30: 63% done, found 0 solutions
30: 64% done, found 0 solutions
30: 65% done, found 0 solutions
30: 66% done, found 0 solutions
30: 67% done, found 0 solutions
30: 68% done, found 0 solutions
30: 69% done, found 0 solutions
30: 70% done, found 0 solutions
30: 71% done, found 0 solutions
30: 72% done, found 0 solutions
30: 73% done, found 0 solutions
30: 74% done, found 0 solutions
30: 75% done, found 0 solutions
30: 76% done, found 0 solutions
30: 77% done, found 0 solutions
30: 78% done, found 0 solutions
30: 79% done, found 0 solutions
30: 80% done, found 0 solutions
30: 81% done, found 0 solutions
30: 82% done, found 0 solutions
30: 83% done, found 0 solutions
30: 84% done, found 0 solutions
30: 85% done, found 0 solutions
30: 86% done, found 0 solutions
30: 87% done, found 0 solutions
30: 88% done, found 0 solutions
30: 89% done, found 0 solutions
30: 90% done, found 0 solutions
30: 91% done, found 0 solutions
30: 92% done, found 0 solutions
30: 93% done, found 0 solutions
30: 94% done, found 0 solutions
30: 95% done, found 0 solutions
30: 96% done, found 0 solutions
30: 97% done, found 0 solutions
30: 98% done, found 0 solutions
30: 99% done, found 0 solutions
30: 100% done, found 0 solutions
n = 30,	0:50:31 ... 
